  [1m[35m (450.1ms)[0m  [1m[35mCREATE DATABASE "febacook_development" ENCODING = 'unicode'[0m
  ↳ bin/rails:9
  [1m[35m (184.9ms)[0m  [1m[35mCREATE DATABASE "febacook_test" ENCODING = 'unicode'[0m
  ↳ bin/rails:9
Started GET "/" for ::1 at 2020-03-02 16:42:03 -0800
Processing by Rails::WelcomeController#index as HTML
  Rendering /Users/hayden/.rbenv/versions/2.5.1/lib/ruby/gems/2.5.0/gems/railties-5.2.4.1/lib/rails/templates/rails/welcome/index.html.erb
  Rendered /Users/hayden/.rbenv/versions/2.5.1/lib/ruby/gems/2.5.0/gems/railties-5.2.4.1/lib/rails/templates/rails/welcome/index.html.erb (4.1ms)
Completed 200 OK in 25ms (Views: 14.2ms | ActiveRecord: 0.0ms)


Started GET "/root" for ::1 at 2020-03-02 16:42:17 -0800
  
ActionController::RoutingError (No route matches [GET] "/root"):
  
actionpack (5.2.4.1) lib/action_dispatch/middleware/debug_exceptions.rb:65:in `call'
web-console (3.7.0) lib/web_console/middleware.rb:135:in `call_app'
web-console (3.7.0) lib/web_console/middleware.rb:30:in `block in call'
web-console (3.7.0) lib/web_console/middleware.rb:20:in `catch'
web-console (3.7.0) lib/web_console/middleware.rb:20:in `call'
actionpack (5.2.4.1) lib/action_dispatch/middleware/show_exceptions.rb:33:in `call'
railties (5.2.4.1) lib/rails/rack/logger.rb:38:in `call_app'
railties (5.2.4.1) lib/rails/rack/logger.rb:26:in `block in call'
activesupport (5.2.4.1) lib/active_support/tagged_logging.rb:71:in `block in tagged'
activesupport (5.2.4.1) lib/active_support/tagged_logging.rb:28:in `tagged'
activesupport (5.2.4.1) lib/active_support/tagged_logging.rb:71:in `tagged'
railties (5.2.4.1) lib/rails/rack/logger.rb:26:in `call'
sprockets-rails (3.2.1) lib/sprockets/rails/quiet_assets.rb:13:in `call'
actionpack (5.2.4.1) lib/action_dispatch/middleware/remote_ip.rb:81:in `call'
actionpack (5.2.4.1) lib/action_dispatch/middleware/request_id.rb:27:in `call'
rack (2.2.2) lib/rack/method_override.rb:24:in `call'
rack (2.2.2) lib/rack/runtime.rb:22:in `call'
activesupport (5.2.4.1) lib/active_support/cache/strategy/local_cache_middleware.rb:29:in `call'
actionpack (5.2.4.1) lib/action_dispatch/middleware/executor.rb:14:in `call'
actionpack (5.2.4.1) lib/action_dispatch/middleware/static.rb:127:in `call'
rack (2.2.2) lib/rack/sendfile.rb:110:in `call'
railties (5.2.4.1) lib/rails/engine.rb:524:in `call'
puma (3.12.4) lib/puma/configuration.rb:227:in `call'
puma (3.12.4) lib/puma/server.rb:675:in `handle_request'
puma (3.12.4) lib/puma/server.rb:476:in `process_client'
puma (3.12.4) lib/puma/server.rb:334:in `block in run'
puma (3.12.4) lib/puma/thread_pool.rb:135:in `block in spawn_thread'
Started GET "/root" for ::1 at 2020-03-02 16:43:42 -0800
  
ActionController::RoutingError (No route matches [GET] "/root"):
  
actionpack (5.2.4.1) lib/action_dispatch/middleware/debug_exceptions.rb:65:in `call'
web-console (3.7.0) lib/web_console/middleware.rb:135:in `call_app'
web-console (3.7.0) lib/web_console/middleware.rb:30:in `block in call'
web-console (3.7.0) lib/web_console/middleware.rb:20:in `catch'
web-console (3.7.0) lib/web_console/middleware.rb:20:in `call'
actionpack (5.2.4.1) lib/action_dispatch/middleware/show_exceptions.rb:33:in `call'
railties (5.2.4.1) lib/rails/rack/logger.rb:38:in `call_app'
railties (5.2.4.1) lib/rails/rack/logger.rb:26:in `block in call'
activesupport (5.2.4.1) lib/active_support/tagged_logging.rb:71:in `block in tagged'
activesupport (5.2.4.1) lib/active_support/tagged_logging.rb:28:in `tagged'
activesupport (5.2.4.1) lib/active_support/tagged_logging.rb:71:in `tagged'
railties (5.2.4.1) lib/rails/rack/logger.rb:26:in `call'
sprockets-rails (3.2.1) lib/sprockets/rails/quiet_assets.rb:13:in `call'
actionpack (5.2.4.1) lib/action_dispatch/middleware/remote_ip.rb:81:in `call'
actionpack (5.2.4.1) lib/action_dispatch/middleware/request_id.rb:27:in `call'
rack (2.2.2) lib/rack/method_override.rb:24:in `call'
rack (2.2.2) lib/rack/runtime.rb:22:in `call'
activesupport (5.2.4.1) lib/active_support/cache/strategy/local_cache_middleware.rb:29:in `call'
actionpack (5.2.4.1) lib/action_dispatch/middleware/executor.rb:14:in `call'
actionpack (5.2.4.1) lib/action_dispatch/middleware/static.rb:127:in `call'
rack (2.2.2) lib/rack/sendfile.rb:110:in `call'
railties (5.2.4.1) lib/rails/engine.rb:524:in `call'
puma (3.12.4) lib/puma/configuration.rb:227:in `call'
puma (3.12.4) lib/puma/server.rb:675:in `handle_request'
puma (3.12.4) lib/puma/server.rb:476:in `process_client'
puma (3.12.4) lib/puma/server.rb:334:in `block in run'
puma (3.12.4) lib/puma/thread_pool.rb:135:in `block in spawn_thread'
Started GET "/" for ::1 at 2020-03-02 16:43:46 -0800
Processing by StaticPagesController#root as HTML
  Rendering static_pages/root.html.erb within layouts/application
  Rendered static_pages/root.html.erb within layouts/application (0.6ms)
Completed 200 OK in 1768ms (Views: 1764.2ms | ActiveRecord: 0.0ms)


Started GET "/" for ::1 at 2020-03-02 16:44:48 -0800

SyntaxError - syntax error, unexpected tIDENTIFIER, expecting keyword_end
  "/" to: 'static_pages#root'
      ^~:
  config/routes.rb:2:in `'

Started POST "/__better_errors/41b8d3494d286b25/variables" for ::1 at 2020-03-02 16:44:49 -0800
Started GET "/" for ::1 at 2020-03-02 16:45:03 -0800

SyntaxError - syntax error, unexpected tIDENTIFIER, expecting keyword_end
  get "/" to: 'static_pages#root'
          ^~:
  config/routes.rb:2:in `'

Started POST "/__better_errors/6a810e21c06b8dc5/variables" for ::1 at 2020-03-02 16:45:04 -0800
Started GET "/" for ::1 at 2020-03-02 16:45:05 -0800
  
ActionController::RoutingError (No route matches [GET] "/"):
  
actionpack (5.2.4.1) lib/action_dispatch/middleware/debug_exceptions.rb:65:in `call'
web-console (3.7.0) lib/web_console/middleware.rb:135:in `call_app'
web-console (3.7.0) lib/web_console/middleware.rb:30:in `block in call'
web-console (3.7.0) lib/web_console/middleware.rb:20:in `catch'
web-console (3.7.0) lib/web_console/middleware.rb:20:in `call'
actionpack (5.2.4.1) lib/action_dispatch/middleware/show_exceptions.rb:33:in `call'
railties (5.2.4.1) lib/rails/rack/logger.rb:38:in `call_app'
railties (5.2.4.1) lib/rails/rack/logger.rb:26:in `block in call'
activesupport (5.2.4.1) lib/active_support/tagged_logging.rb:71:in `block in tagged'
activesupport (5.2.4.1) lib/active_support/tagged_logging.rb:28:in `tagged'
activesupport (5.2.4.1) lib/active_support/tagged_logging.rb:71:in `tagged'
railties (5.2.4.1) lib/rails/rack/logger.rb:26:in `call'
sprockets-rails (3.2.1) lib/sprockets/rails/quiet_assets.rb:13:in `call'
actionpack (5.2.4.1) lib/action_dispatch/middleware/remote_ip.rb:81:in `call'
actionpack (5.2.4.1) lib/action_dispatch/middleware/request_id.rb:27:in `call'
rack (2.2.2) lib/rack/method_override.rb:24:in `call'
rack (2.2.2) lib/rack/runtime.rb:22:in `call'
activesupport (5.2.4.1) lib/active_support/cache/strategy/local_cache_middleware.rb:29:in `call'
actionpack (5.2.4.1) lib/action_dispatch/middleware/executor.rb:14:in `call'
actionpack (5.2.4.1) lib/action_dispatch/middleware/static.rb:127:in `call'
rack (2.2.2) lib/rack/sendfile.rb:110:in `call'
railties (5.2.4.1) lib/rails/engine.rb:524:in `call'
puma (3.12.4) lib/puma/configuration.rb:227:in `call'
puma (3.12.4) lib/puma/server.rb:675:in `handle_request'
puma (3.12.4) lib/puma/server.rb:476:in `process_client'
puma (3.12.4) lib/puma/server.rb:334:in `block in run'
puma (3.12.4) lib/puma/thread_pool.rb:135:in `block in spawn_thread'
Started GET "/" for ::1 at 2020-03-02 16:45:06 -0800
  
ActionController::RoutingError (No route matches [GET] "/"):
  
actionpack (5.2.4.1) lib/action_dispatch/middleware/debug_exceptions.rb:65:in `call'
web-console (3.7.0) lib/web_console/middleware.rb:135:in `call_app'
web-console (3.7.0) lib/web_console/middleware.rb:30:in `block in call'
web-console (3.7.0) lib/web_console/middleware.rb:20:in `catch'
web-console (3.7.0) lib/web_console/middleware.rb:20:in `call'
actionpack (5.2.4.1) lib/action_dispatch/middleware/show_exceptions.rb:33:in `call'
railties (5.2.4.1) lib/rails/rack/logger.rb:38:in `call_app'
railties (5.2.4.1) lib/rails/rack/logger.rb:26:in `block in call'
activesupport (5.2.4.1) lib/active_support/tagged_logging.rb:71:in `block in tagged'
activesupport (5.2.4.1) lib/active_support/tagged_logging.rb:28:in `tagged'
activesupport (5.2.4.1) lib/active_support/tagged_logging.rb:71:in `tagged'
railties (5.2.4.1) lib/rails/rack/logger.rb:26:in `call'
sprockets-rails (3.2.1) lib/sprockets/rails/quiet_assets.rb:13:in `call'
actionpack (5.2.4.1) lib/action_dispatch/middleware/remote_ip.rb:81:in `call'
actionpack (5.2.4.1) lib/action_dispatch/middleware/request_id.rb:27:in `call'
rack (2.2.2) lib/rack/method_override.rb:24:in `call'
rack (2.2.2) lib/rack/runtime.rb:22:in `call'
activesupport (5.2.4.1) lib/active_support/cache/strategy/local_cache_middleware.rb:29:in `call'
actionpack (5.2.4.1) lib/action_dispatch/middleware/executor.rb:14:in `call'
actionpack (5.2.4.1) lib/action_dispatch/middleware/static.rb:127:in `call'
rack (2.2.2) lib/rack/sendfile.rb:110:in `call'
railties (5.2.4.1) lib/rails/engine.rb:524:in `call'
puma (3.12.4) lib/puma/configuration.rb:227:in `call'
puma (3.12.4) lib/puma/server.rb:675:in `handle_request'
puma (3.12.4) lib/puma/server.rb:476:in `process_client'
puma (3.12.4) lib/puma/server.rb:334:in `block in run'
puma (3.12.4) lib/puma/thread_pool.rb:135:in `block in spawn_thread'
Started GET "/" for ::1 at 2020-03-02 16:45:07 -0800
  
ActionController::RoutingError (No route matches [GET] "/"):
  
actionpack (5.2.4.1) lib/action_dispatch/middleware/debug_exceptions.rb:65:in `call'
web-console (3.7.0) lib/web_console/middleware.rb:135:in `call_app'
web-console (3.7.0) lib/web_console/middleware.rb:30:in `block in call'
web-console (3.7.0) lib/web_console/middleware.rb:20:in `catch'
web-console (3.7.0) lib/web_console/middleware.rb:20:in `call'
actionpack (5.2.4.1) lib/action_dispatch/middleware/show_exceptions.rb:33:in `call'
railties (5.2.4.1) lib/rails/rack/logger.rb:38:in `call_app'
railties (5.2.4.1) lib/rails/rack/logger.rb:26:in `block in call'
activesupport (5.2.4.1) lib/active_support/tagged_logging.rb:71:in `block in tagged'
activesupport (5.2.4.1) lib/active_support/tagged_logging.rb:28:in `tagged'
activesupport (5.2.4.1) lib/active_support/tagged_logging.rb:71:in `tagged'
railties (5.2.4.1) lib/rails/rack/logger.rb:26:in `call'
sprockets-rails (3.2.1) lib/sprockets/rails/quiet_assets.rb:13:in `call'
actionpack (5.2.4.1) lib/action_dispatch/middleware/remote_ip.rb:81:in `call'
actionpack (5.2.4.1) lib/action_dispatch/middleware/request_id.rb:27:in `call'
rack (2.2.2) lib/rack/method_override.rb:24:in `call'
rack (2.2.2) lib/rack/runtime.rb:22:in `call'
activesupport (5.2.4.1) lib/active_support/cache/strategy/local_cache_middleware.rb:29:in `call'
actionpack (5.2.4.1) lib/action_dispatch/middleware/executor.rb:14:in `call'
actionpack (5.2.4.1) lib/action_dispatch/middleware/static.rb:127:in `call'
rack (2.2.2) lib/rack/sendfile.rb:110:in `call'
railties (5.2.4.1) lib/rails/engine.rb:524:in `call'
puma (3.12.4) lib/puma/configuration.rb:227:in `call'
puma (3.12.4) lib/puma/server.rb:675:in `handle_request'
puma (3.12.4) lib/puma/server.rb:476:in `process_client'
puma (3.12.4) lib/puma/server.rb:334:in `block in run'
puma (3.12.4) lib/puma/thread_pool.rb:135:in `block in spawn_thread'
Started GET "/" for ::1 at 2020-03-02 16:47:49 -0800
Processing by StaticPagesController#root as HTML
  Rendering static_pages/root.html.erb within layouts/application
  Rendered static_pages/root.html.erb within layouts/application (0.4ms)
Completed 200 OK in 32ms (Views: 29.0ms | ActiveRecord: 0.0ms)


Started GET "/" for ::1 at 2020-03-02 16:51:12 -0800
Processing by StaticPagesController#root as HTML
  Rendering static_pages/root.html.erb within layouts/application
  Rendered static_pages/root.html.erb within layouts/application (0.4ms)
Completed 200 OK in 465ms (Views: 460.8ms | ActiveRecord: 0.0ms)


Started GET "/" for ::1 at 2020-03-02 21:28:09 -0800

ActiveRecord::PendingMigrationError - Migrations are pending. To resolve this issue, run:

        bin/rails db:migrate RAILS_ENV=development

:

Started POST "/__better_errors/d3f74995c87354e9/variables" for ::1 at 2020-03-02 21:28:10 -0800
  [1m[35m (29.7ms)[0m  [1m[35mCREATE TABLE "schema_migrations" ("version" character varying NOT NULL PRIMARY KEY)[0m
  ↳ bin/rails:9
  [1m[35m (6.2ms)[0m  [1m[35mCREATE TABLE "ar_internal_metadata" ("key" character varying NOT NULL PRIMARY KEY, "value" character varying, "created_at" timestamp NOT NULL, "updated_at" timestamp NOT NULL)[0m
  ↳ bin/rails:9
  [1m[35m (1.3ms)[0m  [1m[34mSELECT pg_try_advisory_lock(1906994397945137235)[0m
  ↳ bin/rails:9
  [1m[35m (1.2ms)[0m  [1m[34mSELECT "schema_migrations"."version" FROM "schema_migrations" ORDER BY "schema_migrations"."version" ASC[0m
  ↳ bin/rails:9
Migrating to CreateUsers (20200303013446)
  [1m[35m (0.3ms)[0m  [1m[35mBEGIN[0m
  ↳ bin/rails:9
  [1m[35m (10.4ms)[0m  [1m[35mCREATE TABLE "users" ("id" bigserial primary key, "username" character varying NOT NULL, "email" character varying NOT NULL, "first_name" character varying NOT NULL, "last_name" character varying NOT NULL, "birthday" date NOT NULL, "gender" character varying NOT NULL, "pronouns" character varying NOT NULL, "bio" text, "password_digest" character varying NOT NULL, "session_token" character varying NOT NULL, "created_at" timestamp NOT NULL, "updated_at" timestamp NOT NULL)[0m
  ↳ db/migrate/20200303013446_create_users.rb:3
  [1m[35m (3.5ms)[0m  [1m[35mCREATE UNIQUE INDEX  "index_users_on_username" ON "users"  ("username")[0m
  ↳ db/migrate/20200303013446_create_users.rb:17
  [1m[35m (1.3ms)[0m  [1m[35mCREATE UNIQUE INDEX  "index_users_on_email" ON "users"  ("email")[0m
  ↳ db/migrate/20200303013446_create_users.rb:18
  [1m[35m (7.8ms)[0m  [1m[35mCREATE UNIQUE INDEX  "index_users_on_session" ON "users"  ("session")[0m
  ↳ db/migrate/20200303013446_create_users.rb:19
  [1m[35m (0.4ms)[0m  [1m[31mROLLBACK[0m
  ↳ bin/rails:9
  [1m[35m (0.4ms)[0m  [1m[34mSELECT pg_advisory_unlock(1906994397945137235)[0m
  ↳ bin/rails:9
  [1m[35m (0.3ms)[0m  [1m[34mSELECT pg_try_advisory_lock(1906994397945137235)[0m
  ↳ bin/rails:9
  [1m[35m (1.1ms)[0m  [1m[34mSELECT "schema_migrations"."version" FROM "schema_migrations" ORDER BY "schema_migrations"."version" ASC[0m
  ↳ bin/rails:9
Migrating to CreateUsers (20200303013446)
  [1m[35m (0.2ms)[0m  [1m[35mBEGIN[0m
  ↳ bin/rails:9
  [1m[35m (12.6ms)[0m  [1m[35mCREATE TABLE "users" ("id" bigserial primary key, "username" character varying NOT NULL, "email" character varying NOT NULL, "first_name" character varying NOT NULL, "last_name" character varying NOT NULL, "birthday" date NOT NULL, "gender" character varying NOT NULL, "pronouns" character varying NOT NULL, "bio" text, "password_digest" character varying NOT NULL, "session_token" character varying NOT NULL, "created_at" timestamp NOT NULL, "updated_at" timestamp NOT NULL)[0m
  ↳ db/migrate/20200303013446_create_users.rb:3
  [1m[35m (1.4ms)[0m  [1m[35mCREATE UNIQUE INDEX  "index_users_on_username" ON "users"  ("username")[0m
  ↳ db/migrate/20200303013446_create_users.rb:17
  [1m[35m (3.3ms)[0m  [1m[35mCREATE UNIQUE INDEX  "index_users_on_email" ON "users"  ("email")[0m
  ↳ db/migrate/20200303013446_create_users.rb:18
  [1m[35m (1.3ms)[0m  [1m[35mCREATE UNIQUE INDEX  "index_users_on_session_token" ON "users"  ("session_token")[0m
  ↳ db/migrate/20200303013446_create_users.rb:19
  [1m[36mActiveRecord::SchemaMigration Create (0.8ms)[0m  [1m[32mINSERT INTO "schema_migrations" ("version") VALUES ($1) RETURNING "version"[0m  [["version", "20200303013446"]]
  ↳ bin/rails:9
  [1m[35m (0.6ms)[0m  [1m[35mCOMMIT[0m
  ↳ bin/rails:9
  [1m[36mActiveRecord::InternalMetadata Load (0.6ms)[0m  [1m[34mSELECT  "ar_internal_metadata".* FROM "ar_internal_metadata" WHERE "ar_internal_metadata"."key" = $1 LIMIT $2[0m  [["key", "environment"], ["LIMIT", 1]]
  ↳ bin/rails:9
  [1m[35m (0.2ms)[0m  [1m[35mBEGIN[0m
  ↳ bin/rails:9
  [1m[36mActiveRecord::InternalMetadata Create (0.7ms)[0m  [1m[32mINSERT INTO "ar_internal_metadata" ("key", "value", "created_at", "updated_at") VALUES ($1, $2, $3, $4) RETURNING "key"[0m  [["key", "environment"], ["value", "development"], ["created_at", "2020-03-03 05:53:08.548359"], ["updated_at", "2020-03-03 05:53:08.548359"]]
  ↳ bin/rails:9
  [1m[35m (0.5ms)[0m  [1m[35mCOMMIT[0m
  ↳ bin/rails:9
  [1m[35m (0.5ms)[0m  [1m[34mSELECT pg_advisory_unlock(1906994397945137235)[0m
  ↳ bin/rails:9
  [1m[35m (0.4ms)[0m  [1m[34mSELECT "schema_migrations"."version" FROM "schema_migrations" ORDER BY "schema_migrations"."version" ASC[0m
  ↳ bin/rails:9
Started GET "/" for ::1 at 2020-03-02 21:53:27 -0800
  [1m[35m (2.2ms)[0m  [1m[34mSELECT "schema_migrations"."version" FROM "schema_migrations" ORDER BY "schema_migrations"."version" ASC[0m
  ↳ /Users/hayden/.rbenv/versions/2.5.1/lib/ruby/gems/2.5.0/gems/activerecord-5.2.4.1/lib/active_record/log_subscriber.rb:98

SyntaxError - syntax error, unexpected ':', expecting keyword_end
            redirect_to: "/"
                       ^:
  app/controllers/application_controller.rb:10:in `'
  app/controllers/static_pages_controller.rb:1:in `<top (required)>'

Started POST "/__better_errors/7f794aa642b033fe/variables" for ::1 at 2020-03-02 21:53:28 -0800
Started GET "/" for ::1 at 2020-03-02 21:56:12 -0800
Processing by StaticPagesController#root as HTML
  Rendering static_pages/root.html.erb within layouts/application
  Rendered static_pages/root.html.erb within layouts/application (0.4ms)
Completed 200 OK in 329ms (Views: 325.4ms | ActiveRecord: 0.0ms)


Started GET "/" for ::1 at 2020-03-02 22:42:22 -0800
Processing by StaticPagesController#root as HTML
  Rendering static_pages/root.html.erb within layouts/application
  Rendered static_pages/root.html.erb within layouts/application (0.4ms)
Completed 200 OK in 440ms (Views: 437.2ms | ActiveRecord: 0.0ms)


Started GET "/" for ::1 at 2020-03-02 22:43:41 -0800
Processing by StaticPagesController#root as HTML
  Rendering static_pages/root.html.erb within layouts/application
  Rendered static_pages/root.html.erb within layouts/application (0.6ms)
Completed 200 OK in 437ms (Views: 433.6ms | ActiveRecord: 0.0ms)


Started POST "/api/users" for ::1 at 2020-03-02 22:48:33 -0800
Processing by Api::UsersController#create as JSON
  Parameters: {"user"=>{"username"=>"user1", "first_name"=>"user", "last_name"=>"one", "birthday"=>"9/9/1993", "gender"=>"male", "pronouns"=>"he/him/his", "email"=>"email", "password"=>"[FILTERED]"}}
Completed 500 Internal Server Error in 4ms (ActiveRecord: 0.0ms)



SyntaxError - syntax error, unexpected ',', expecting keyword_end
        :username, :session_token, :email, 
                 ^
/Users/hayden/Desktop/febacook/febacook/app/models/user.rb:8: Can't assign to true
        presence: true, uniqueness:true
                      ^
/Users/hayden/Desktop/febacook/febacook/app/models/user.rb:10: syntax error, unexpected ',', expecting keyword_end
        :first_name, :last_name, :birthday, :gend...
                   ^
/Users/hayden/Desktop/febacook/febacook/app/models/user.rb:11: syntax error, unexpected ':', expecting keyword_end
        presence: true
                ^
/Users/hayden/Desktop/febacook/febacook/app/models/user.rb:13: syntax error, unexpected ',', expecting keyword_end
        :password, length: { minimum: 6 }, allo...
                 ^
/Users/hayden/Desktop/febacook/febacook/app/models/user.rb:13: syntax error, unexpected ',', expecting keyword_end
...ssword, length: { minimum: 6 }, allow_nil: true
...                              ^
/Users/hayden/Desktop/febacook/febacook/app/models/user.rb:17: syntax error, unexpected tIVAR, expecting keyword_end
...er.is_password?(password) @user : nil 
...                          ^~~~~:
  app/models/user.rb:7:in `'
  app/controllers/api/users_controller.rb:5:in `create'

Started GET "/" for ::1 at 2020-03-02 22:52:42 -0800
Processing by StaticPagesController#root as HTML
  Rendering static_pages/root.html.erb within layouts/application
  Rendered static_pages/root.html.erb within layouts/application (0.4ms)
Completed 200 OK in 440ms (Views: 436.4ms | ActiveRecord: 0.0ms)


Started POST "/api/users" for ::1 at 2020-03-02 22:52:49 -0800
Processing by Api::UsersController#create as JSON
  Parameters: {"user"=>{"username"=>"user1", "first_name"=>"user", "last_name"=>"one", "birthday"=>"9/9/1993", "gender"=>"male", "pronouns"=>"he/him/his", "email"=>"email", "password"=>"[FILTERED]"}}
Completed 500 Internal Server Error in 3ms (ActiveRecord: 0.0ms)



SyntaxError - syntax error, unexpected ',', expecting keyword_end
        :username, :session_token, :email, 
                 ^
/Users/hayden/Desktop/febacook/febacook/app/models/user.rb:8: Can't assign to true
        presence: true, uniqueness: true
                      ^
/Users/hayden/Desktop/febacook/febacook/app/models/user.rb:10: syntax error, unexpected ',', expecting keyword_end
        :first_name, :last_name, :birthday, 
                   ^
/Users/hayden/Desktop/febacook/febacook/app/models/user.rb:14: syntax error, unexpected ',', expecting keyword_end
        :password, 
                 ^
/Users/hayden/Desktop/febacook/febacook/app/models/user.rb:15: syntax error, unexpected ',', expecting keyword_end
        length: { minimum: 6 }, allow_nil: true
                              ^:
  app/models/user.rb:7:in `'
  app/controllers/api/users_controller.rb:5:in `create'

Started GET "/" for ::1 at 2020-03-02 22:53:41 -0800
Processing by StaticPagesController#root as HTML
  Rendering static_pages/root.html.erb within layouts/application
  Rendered static_pages/root.html.erb within layouts/application (0.4ms)
Completed 200 OK in 35ms (Views: 30.4ms | ActiveRecord: 0.0ms)


Started POST "/api/users" for ::1 at 2020-03-02 22:53:52 -0800
Processing by Api::UsersController#create as JSON
  Parameters: {"user"=>{"username"=>"user1", "first_name"=>"user", "last_name"=>"one", "birthday"=>"9/9/1993", "gender"=>"male", "pronouns"=>"he/him/his", "email"=>"email", "password"=>"[FILTERED]"}}
Completed 500 Internal Server Error in 3ms (ActiveRecord: 0.0ms)



SyntaxError - syntax error, unexpected ',', expecting keyword_end
        :username, :session_token, :email, 
                 ^
/Users/hayden/Desktop/febacook/febacook/app/models/user.rb:8: Can't assign to true
        presence: true, uniqueness: true
                      ^
/Users/hayden/Desktop/febacook/febacook/app/models/user.rb:10: syntax error, unexpected ',', expecting keyword_end
        :first_name, :last_name, :birthday, 
                   ^
/Users/hayden/Desktop/febacook/febacook/app/models/user.rb:14: syntax error, unexpected ',', expecting keyword_end
        :password, 
                 ^:
  app/models/user.rb:7:in `'
  app/controllers/api/users_controller.rb:5:in `create'

Started GET "/" for ::1 at 2020-03-02 22:54:45 -0800
Processing by StaticPagesController#root as HTML
  Rendering static_pages/root.html.erb within layouts/application
  Rendered static_pages/root.html.erb within layouts/application (1.1ms)
Completed 200 OK in 34ms (Views: 29.9ms | ActiveRecord: 0.0ms)


Started POST "/api/users" for ::1 at 2020-03-02 22:54:50 -0800
Processing by Api::UsersController#create as JSON
  Parameters: {"user"=>{"username"=>"user1", "first_name"=>"user", "last_name"=>"one", "birthday"=>"9/9/1993", "gender"=>"male", "pronouns"=>"he/him/his", "email"=>"email", "password"=>"[FILTERED]"}}
Completed 500 Internal Server Error in 3ms (ActiveRecord: 0.0ms)



SyntaxError - syntax error, unexpected ',', expecting keyword_end
        :username, :session_token, :email, 
                 ^
/Users/hayden/Desktop/febacook/febacook/app/models/user.rb:8: Can't assign to true
        presence: true, uniqueness: true
                      ^
/Users/hayden/Desktop/febacook/febacook/app/models/user.rb:10: syntax error, unexpected ',', expecting keyword_end
        :first_name, :last_name, :birthday, 
                   ^
/Users/hayden/Desktop/febacook/febacook/app/models/user.rb:14: syntax error, unexpected ',', expecting keyword_end
        :password, length: { minimum: 6, allow_...
                 ^:
  app/models/user.rb:7:in `'
  app/controllers/api/users_controller.rb:5:in `create'

Started GET "/" for ::1 at 2020-03-02 22:55:12 -0800
Processing by StaticPagesController#root as HTML
  Rendering static_pages/root.html.erb within layouts/application
  Rendered static_pages/root.html.erb within layouts/application (0.5ms)
Completed 200 OK in 34ms (Views: 29.9ms | ActiveRecord: 0.0ms)


Started POST "/api/users" for ::1 at 2020-03-02 22:55:17 -0800
Processing by Api::UsersController#create as JSON
  Parameters: {"user"=>{"username"=>"user1", "first_name"=>"user", "last_name"=>"one", "birthday"=>"9/9/1993", "gender"=>"male", "pronouns"=>"he/him/his", "email"=>"email", "password"=>"[FILTERED]"}}
Completed 500 Internal Server Error in 3ms (ActiveRecord: 0.0ms)



SyntaxError - syntax error, unexpected ',', expecting keyword_end
        :username, :session_token, :email, 
                 ^
/Users/hayden/Desktop/febacook/febacook/app/models/user.rb:8: Can't assign to true
        presence: true, uniqueness: true
                      ^
/Users/hayden/Desktop/febacook/febacook/app/models/user.rb:10: syntax error, unexpected ',', expecting keyword_end
        :first_name, :last_name, :birthday, 
                   ^:
  app/models/user.rb:7:in `'
  app/controllers/api/users_controller.rb:5:in `create'

Started GET "/" for ::1 at 2020-03-02 22:55:49 -0800
Processing by StaticPagesController#root as HTML
  Rendering static_pages/root.html.erb within layouts/application
  Rendered static_pages/root.html.erb within layouts/application (0.4ms)
Completed 200 OK in 39ms (Views: 34.5ms | ActiveRecord: 0.0ms)


Started POST "/api/users" for ::1 at 2020-03-02 22:55:52 -0800
Processing by Api::UsersController#create as JSON
  Parameters: {"user"=>{"username"=>"user1", "first_name"=>"user", "last_name"=>"one", "birthday"=>"9/9/1993", "gender"=>"male", "pronouns"=>"he/him/his", "email"=>"email", "password"=>"[FILTERED]"}}
Completed 500 Internal Server Error in 3ms (ActiveRecord: 0.0ms)



SyntaxError - syntax error, unexpected ',', expecting keyword_end
        :username, :session_token, :email, 
                 ^
/Users/hayden/Desktop/febacook/febacook/app/models/user.rb:8: Can't assign to true
        presence: true, uniqueness: true
                      ^:
  app/models/user.rb:7:in `'
  app/controllers/api/users_controller.rb:5:in `create'

Started GET "/" for ::1 at 2020-03-02 22:56:28 -0800
Processing by StaticPagesController#root as HTML
  Rendering static_pages/root.html.erb within layouts/application
  Rendered static_pages/root.html.erb within layouts/application (0.4ms)
Completed 200 OK in 35ms (Views: 30.6ms | ActiveRecord: 0.0ms)


Started POST "/api/users" for ::1 at 2020-03-02 22:56:31 -0800
Processing by Api::UsersController#create as JSON
  Parameters: {"user"=>{"username"=>"user1", "first_name"=>"user", "last_name"=>"one", "birthday"=>"9/9/1993", "gender"=>"male", "pronouns"=>"he/him/his", "email"=>"email", "password"=>"[FILTERED]"}}
  [1m[35m (0.3ms)[0m  [1m[35mBEGIN[0m
  ↳ app/controllers/api/users_controller.rb:6
  [1m[35m (0.2ms)[0m  [1m[31mROLLBACK[0m
  ↳ app/controllers/api/users_controller.rb:6
Completed 500 Internal Server Error in 382ms (ActiveRecord: 13.9ms)



NameError - undefined local variable or method `session' for #<User:0x00007f8db5bed8c8>
Did you mean?  session_token:
  app/models/user.rb:35:in `ensure_session_token'
  app/controllers/api/users_controller.rb:6:in `create'

  [1m[36mUser Load (1.9ms)[0m  [1m[34mSELECT "users".* FROM "users"[0m
Started GET "/" for ::1 at 2020-03-02 22:59:59 -0800
Processing by StaticPagesController#root as HTML
  Rendering static_pages/root.html.erb within layouts/application
  Rendered static_pages/root.html.erb within layouts/application (0.4ms)
Completed 200 OK in 35ms (Views: 32.1ms | ActiveRecord: 0.0ms)


Started POST "/api/users" for ::1 at 2020-03-02 23:00:02 -0800
Processing by Api::UsersController#create as JSON
  Parameters: {"user"=>{"username"=>"user1", "first_name"=>"user", "last_name"=>"one", "birthday"=>"9/9/1993", "gender"=>"male", "pronouns"=>"he/him/his", "email"=>"email", "password"=>"[FILTERED]"}}
  [1m[35m (0.3ms)[0m  [1m[35mBEGIN[0m
  ↳ app/controllers/api/users_controller.rb:6
  [1m[35m (0.2ms)[0m  [1m[31mROLLBACK[0m
  ↳ app/controllers/api/users_controller.rb:6
Completed 500 Internal Server Error in 364ms (ActiveRecord: 14.5ms)



NameError - undefined local variable or method `session' for #<User:0x00007f8db9866480>
Did you mean?  session_token:
  app/models/user.rb:40:in `ensure_session_token'
  app/controllers/api/users_controller.rb:6:in `create'

Started GET "/" for ::1 at 2020-03-02 23:04:14 -0800
Processing by StaticPagesController#root as HTML
  Rendering static_pages/root.html.erb within layouts/application
  Rendered static_pages/root.html.erb within layouts/application (1.1ms)
Completed 200 OK in 33ms (Views: 30.0ms | ActiveRecord: 0.0ms)


Started POST "/api/users" for ::1 at 2020-03-02 23:04:19 -0800
Processing by Api::UsersController#create as JSON
  Parameters: {"user"=>{"username"=>"user1", "first_name"=>"user", "last_name"=>"one", "birthday"=>"9/9/1993", "gender"=>"male", "pronouns"=>"he/him/his", "email"=>"email", "password"=>"[FILTERED]"}}
  [1m[35m (0.3ms)[0m  [1m[35mBEGIN[0m
  ↳ app/controllers/api/users_controller.rb:6
  [1m[36mUser Exists (1.4ms)[0m  [1m[34mSELECT  1 AS one FROM "users" WHERE "users"."username" = $1 LIMIT $2[0m  [["username", "user1"], ["LIMIT", 1]]
  ↳ app/models/user.rb:35
  [1m[36mUser Exists (0.5ms)[0m  [1m[34mSELECT  1 AS one FROM "users" WHERE "users"."session_token" = $1 LIMIT $2[0m  [["session_token", "noVnlb6lSTI-8xvlSWRhnw"], ["LIMIT", 1]]
  ↳ app/models/user.rb:35
  [1m[36mUser Exists (0.6ms)[0m  [1m[34mSELECT  1 AS one FROM "users" WHERE "users"."email" = $1 LIMIT $2[0m  [["email", "email"], ["LIMIT", 1]]
  ↳ app/models/user.rb:35
  [1m[36mUser Create (1.7ms)[0m  [1m[32mINSERT INTO "users" ("username", "email", "first_name", "last_name", "birthday", "gender", "pronouns", "password_digest", "session_token", "created_at", "updated_at") VALUES ($1, $2, $3, $4, $5, $6, $7, $8, $9, $10, $11) RETURNING "id"[0m  [["username", "user1"], ["email", "email"], ["first_name", "user"], ["last_name", "one"], ["birthday", "1993-09-09"], ["gender", "male"], ["pronouns", "he/him/his"], ["password_digest", "$2a$12$W4UoRdd11IKJ1Zi8OPFdiOapqOt.JYQPcAAHKm6DkKh1ZBCXoCgcK"], ["session_token", "noVnlb6lSTI-8xvlSWRhnw"], ["created_at", "2020-03-03 07:04:20.316209"], ["updated_at", "2020-03-03 07:04:20.316209"]]
  ↳ app/models/user.rb:35
  [1m[36mUser Exists (6.5ms)[0m  [1m[34mSELECT  1 AS one FROM "users" WHERE "users"."username" = $1 AND "users"."id" != $2 LIMIT $3[0m  [["username", "user1"], ["id", 1], ["LIMIT", 1]]
  ↳ app/controllers/api/users_controller.rb:6
  [1m[36mUser Exists (0.8ms)[0m  [1m[34mSELECT  1 AS one FROM "users" WHERE "users"."session_token" = $1 AND "users"."id" != $2 LIMIT $3[0m  [["session_token", "noVnlb6lSTI-8xvlSWRhnw"], ["id", 1], ["LIMIT", 1]]
  ↳ app/controllers/api/users_controller.rb:6
  [1m[36mUser Exists (0.8ms)[0m  [1m[34mSELECT  1 AS one FROM "users" WHERE "users"."email" = $1 AND "users"."id" != $2 LIMIT $3[0m  [["email", "email"], ["id", 1], ["LIMIT", 1]]
  ↳ app/controllers/api/users_controller.rb:6
  [1m[35m (0.7ms)[0m  [1m[35mCOMMIT[0m
  ↳ app/controllers/api/users_controller.rb:6
  Rendering api/users/create.json.jbuilder
  Rendered api/users/_user.json.jbuilder (0.5ms)
  Rendered api/users/create.json.jbuilder (2.3ms)
Completed 200 OK in 388ms (Views: 12.9ms | ActiveRecord: 21.3ms)


  [1m[36mUser Load (1.3ms)[0m  [1m[34mSELECT "users".* FROM "users"[0m
